<?xml version="1.0" encoding="UTF-8"?>
<testsuite name="cn.edu.scujcc.HelloworldApplicationTests" tests="1" skipped="0" failures="0" errors="0" timestamp="2020-04-29T09:14:54" hostname="不曾见过海洋" time="0.832">
  <properties/>
  <testcase name="contextLoads()" classname="cn.edu.scujcc.HelloworldApplicationTests" time="0.832"/>
  <system-out><![CDATA[
  .   ____          _            __ _ _
 /\\ / ___'_ __ _ _(_)_ __  __ _ \ \ \ \
( ( )\___ | '_ | '_| | '_ \/ _` | \ \ \ \
 \\/  ___)| |_)| | | | | || (_| |  ) ) ) )
  '  |____| .__|_| |_|_| |_\__, | / / / /
 =========|_|==============|___/=/_/_/_/
 :: Spring Boot ::        (v2.2.4.RELEASE)

2020-04-29 17:14:48.327  INFO 16552 --- [    Test worker] c.edu.scujcc.HelloworldApplicationTests  : Starting HelloworldApplicationTests on 不曾见过海洋 with PID 16552 (started by ASUS in D:\Spring\Projects\spring02)
2020-04-29 17:14:48.335 DEBUG 16552 --- [    Test worker] c.edu.scujcc.HelloworldApplicationTests  : Running with Spring Boot v2.2.4.RELEASE, Spring v5.2.3.RELEASE
2020-04-29 17:14:48.337  INFO 16552 --- [    Test worker] c.edu.scujcc.HelloworldApplicationTests  : No active profile set, falling back to default profiles: default
2020-04-29 17:14:49.518  INFO 16552 --- [    Test worker] .s.d.r.c.RepositoryConfigurationDelegate : Bootstrapping Spring Data MongoDB repositories in DEFAULT mode.
2020-04-29 17:14:49.547 DEBUG 16552 --- [    Test worker] .s.d.r.c.RepositoryConfigurationDelegate : Scanning for MongoDB repositories in packages cn.edu.scujcc.
2020-04-29 17:14:49.567 DEBUG 16552 --- [    Test worker] o.s.d.r.c.RepositoryComponentProvider    : Identified candidate component class: file [D:\Spring\Projects\spring02\build\classes\java\main\cn\edu\scujcc\dao\ChannelRepository.class]
2020-04-29 17:14:49.730  INFO 16552 --- [    Test worker] .s.d.r.c.RepositoryConfigurationDelegate : Finished Spring Data repository scanning in 181ms. Found 1 MongoDB repository interfaces.
2020-04-29 17:14:51.516 DEBUG 16552 --- [    Test worker] o.s.data.convert.CustomConversions       : Registering converter from class java.time.LocalDateTime to class java.time.Instant as reading converter although it doesn't convert from a store-supported type! You might want to check your annotation setup at the converter implementation.
2020-04-29 17:14:51.518 DEBUG 16552 --- [    Test worker] o.s.data.convert.CustomConversions       : Registering converter from class java.time.Instant to class java.time.LocalDateTime as reading converter although it doesn't convert from a store-supported type! You might want to check your annotation setup at the converter implementation.
2020-04-29 17:14:51.576 DEBUG 16552 --- [    Test worker] o.s.data.convert.CustomConversions       : Registering converter from class java.time.LocalDateTime to class java.time.Instant as reading converter although it doesn't convert from a store-supported type! You might want to check your annotation setup at the converter implementation.
2020-04-29 17:14:51.577 DEBUG 16552 --- [    Test worker] o.s.data.convert.CustomConversions       : Registering converter from class java.time.Instant to class java.time.LocalDateTime as reading converter although it doesn't convert from a store-supported type! You might want to check your annotation setup at the converter implementation.
2020-04-29 17:14:51.841 DEBUG 16552 --- [    Test worker] o.s.d.r.c.s.RepositoryFactorySupport     : Initializing repository instance for cn.edu.scujcc.dao.ChannelRepository…
2020-04-29 17:14:52.031 DEBUG 16552 --- [    Test worker] .m.c.i.MongoPersistentEntityIndexCreator : Analyzing class class cn.edu.scujcc.model.Comment for index information.
2020-04-29 17:14:52.039 DEBUG 16552 --- [    Test worker] .m.c.i.MongoPersistentEntityIndexCreator : Analyzing class class cn.edu.scujcc.model.Channel for index information.
2020-04-29 17:14:52.280 DEBUG 16552 --- [    Test worker] o.s.d.r.c.s.RepositoryFactorySupport     : Finished creation of repository instance for cn.edu.scujcc.dao.ChannelRepository.
2020-04-29 17:14:54.134  INFO 16552 --- [    Test worker] c.edu.scujcc.HelloworldApplicationTests  : Started HelloworldApplicationTests in 6.228 seconds (JVM running for 8.685)
]]></system-out>
  <system-err><![CDATA[]]></system-err>
</testsuite>
